<?xml version="1.0" encoding="UTF-8"?>
<!-- Generated by org.testng.reporters.JUnitReportReporter -->
<testsuite skipped="0" hostname="IBM908-PC0GJ27K" name="com.training.sanity.tests.RETC_035Test" tests="3" failures="0" timestamp="09 Jul 2019 16:20:20 GMT" time="21.682" errors="0">
  <testcase name="login" time="6.876" classname="com.training.sanity.tests.RETC_035Test"/>
  <testcase name="addUser" time="13.793" classname="com.training.sanity.tests.RETC_035Test"/>
  <testcase name="tearDown" time="1.013" classname="com.training.sanity.tests.RETC_035Test"/>
</testsuite> <!-- com.training.sanity.tests.RETC_035Test -->
