<?xml version="1.0" encoding="UTF-8"?>
<!-- Generated by org.testng.reporters.JUnitReportReporter -->
<testsuite skipped="0" hostname="IBM908-PC0GJ27K" name="com.training.sanity.tests.ChangePwdTest" tests="1" failures="0" timestamp="01 Jul 2019 07:13:26 GMT" time="35.755" errors="0">
  <testcase name="changePhoneNum" time="35.755" classname="com.training.sanity.tests.ChangePwdTest"/>
</testsuite> <!-- com.training.sanity.tests.ChangePwdTest -->
