<?xml version="1.0" encoding="UTF-8"?>
<!-- Generated by org.testng.reporters.JUnitReportReporter -->
<testsuite skipped="0" hostname="IBM908-PC0GJ27K" name="com.training.sanity.tests.RETC_033_Test" tests="3" failures="0" timestamp="07 Jul 2019 15:20:10 GMT" time="29.518" errors="0">
  <testcase name="login" time="5.329" classname="com.training.sanity.tests.RETC_033_Test"/>
  <testcase name="addNewProperty" time="23.169" classname="com.training.sanity.tests.RETC_033_Test"/>
  <testcase name="tearDown" time="1.020" classname="com.training.sanity.tests.RETC_033_Test"/>
</testsuite> <!-- com.training.sanity.tests.RETC_033_Test -->
