<?xml version="1.0" encoding="UTF-8"?>
<!-- Generated by org.testng.reporters.JUnitReportReporter -->
<testsuite skipped="0" hostname="IBM908-PC0GJ27K" name="com.training.sanity.tests.RETC_034_Test" tests="3" failures="0" timestamp="10 Jul 2019 06:42:41 GMT" time="30.570" errors="0">
  <testcase name="login" time="6.068" classname="com.training.sanity.tests.RETC_034_Test"/>
  <testcase name="ContactforCommercialProp" time="23.236" classname="com.training.sanity.tests.RETC_034_Test"/>
  <testcase name="tearDown" time="1.266" classname="com.training.sanity.tests.RETC_034_Test"/>
</testsuite> <!-- com.training.sanity.tests.RETC_034_Test -->
