<?xml version="1.0" encoding="UTF-8"?>
<!-- Generated by org.testng.reporters.JUnitReportReporter -->
<testsuite skipped="0" hostname="IBM908-PC0GJ27K" name="com.training.sanity.tests.RETC_061Test" tests="3" failures="0" timestamp="11 Jul 2019 10:42:31 GMT" time="65.615" errors="0">
  <testcase name="validRegisterTest" time="21.000" classname="com.training.sanity.tests.RETC_061Test"/>
  <testcase name="validRegisterTest" time="24.529" classname="com.training.sanity.tests.RETC_061Test"/>
  <testcase name="validRegisterTest" time="20.086" classname="com.training.sanity.tests.RETC_061Test"/>
</testsuite> <!-- com.training.sanity.tests.RETC_061Test -->
