<?xml version="1.0" encoding="UTF-8"?>
<!-- Generated by org.testng.reporters.JUnitReportReporter -->
<testsuite skipped="0" hostname="IBM908-PC0GJ27K" name="com.training.sanity.tests.RETC_031Test" tests="3" failures="0" timestamp="07 Jul 2019 13:38:48 GMT" time="39.419" errors="0">
  <testcase name="login" time="7.799" classname="com.training.sanity.tests.RETC_031Test"/>
  <testcase name="addNewProperty" time="30.238" classname="com.training.sanity.tests.RETC_031Test"/>
  <testcase name="tearDown" time="1.382" classname="com.training.sanity.tests.RETC_031Test"/>
</testsuite> <!-- com.training.sanity.tests.RETC_031Test -->
