<?xml version="1.0" encoding="UTF-8"?>
<!-- Generated by org.testng.reporters.JUnitReportReporter -->
<testsuite skipped="0" hostname="IBM908-PC0GJ27K" name="com.training.sanity.tests.RETC_062Test" tests="1" failures="0" timestamp="15 Jul 2019 12:43:39 GMT" time="55.466" errors="0">
  <testcase name="validRegisterTest" time="55.466" classname="com.training.sanity.tests.RETC_062Test"/>
</testsuite> <!-- com.training.sanity.tests.RETC_062Test -->
