<?xml version="1.0" encoding="UTF-8"?>
<!-- Generated by org.testng.reporters.JUnitReportReporter -->
<testsuite skipped="0" hostname="IBM908-PC0GJ27K" name="com.training.sanity.tests.RETC_065Test" tests="4" failures="0" timestamp="15 Jul 2019 10:14:57 GMT" time="60.445" errors="0">
  <testcase name="login" time="7.069" classname="com.training.sanity.tests.RETC_065Test"/>
  <testcase name="addNewCategory" time="28.896" classname="com.training.sanity.tests.RETC_065Test"/>
  <testcase name="tearDown" time="1.092" classname="com.training.sanity.tests.RETC_065Test"/>
  <testcase name="loginAgain" time="23.388" classname="com.training.sanity.tests.RETC_065Test"/>
</testsuite> <!-- com.training.sanity.tests.RETC_065Test -->
