<?xml version="1.0" encoding="UTF-8"?>
<!-- Generated by org.testng.reporters.JUnitReportReporter -->
<testsuite skipped="0" hostname="IBM908-PC0GJ27K" name="com.training.sanity.tests.RETC_063Test" tests="3" failures="0" timestamp="11 Jul 2019 11:53:19 GMT" time="115.238" errors="0">
  <testcase name="validRegisterTest" time="26.653" classname="com.training.sanity.tests.RETC_063Test"/>
  <testcase name="validRegisterTest" time="59.097" classname="com.training.sanity.tests.RETC_063Test"/>
  <testcase name="validRegisterTest" time="29.488" classname="com.training.sanity.tests.RETC_063Test"/>
</testsuite> <!-- com.training.sanity.tests.RETC_063Test -->
