<?xml version="1.0" encoding="UTF-8"?>
<!-- Generated by org.testng.reporters.JUnitReportReporter -->
<testsuite skipped="0" hostname="IBM908-PC0GJ27K" name="com.training.sanity.tests.RETC_032_Test" tests="4" failures="0" timestamp="06 Jul 2019 09:40:28 GMT" time="55.511" errors="0">
  <testcase name="login" time="40.906" classname="com.training.sanity.tests.RETC_032_Test"/>
  <testcase name="sendEnquiry" time="10.297" classname="com.training.sanity.tests.RETC_032_Test"/>
  <testcase name="calcMortage" time="2.237" classname="com.training.sanity.tests.RETC_032_Test"/>
  <testcase name="tearDown" time="2.071" classname="com.training.sanity.tests.RETC_032_Test"/>
</testsuite> <!-- com.training.sanity.tests.RETC_032_Test -->
