<?xml version="1.0" encoding="UTF-8"?>
<!-- Generated by org.testng.reporters.JUnitReportReporter -->
<testsuite skipped="0" hostname="IBM908-PC0GJ27K" name="com.training.sanity.tests.LoginTests" tests="1" failures="0" timestamp="03 Jul 2019 10:01:12 GMT" time="24.743" errors="0">
  <testcase name="validLoginTest" time="24.743" classname="com.training.sanity.tests.LoginTests"/>
</testsuite> <!-- com.training.sanity.tests.LoginTests -->
