<?xml version="1.0" encoding="UTF-8"?>
<!-- Generated by org.testng.reporters.JUnitReportReporter -->
<testsuite skipped="0" hostname="IBM908-PC0GJ27K" name="com.training.sanity.tests.ChangePhoneNumTest" tests="1" failures="0" timestamp="01 Jul 2019 07:12:10 GMT" time="28.834" errors="0">
  <testcase name="changePhoneNum" time="28.834" classname="com.training.sanity.tests.ChangePhoneNumTest"/>
</testsuite> <!-- com.training.sanity.tests.ChangePhoneNumTest -->
