<?xml version="1.0" encoding="UTF-8"?>
<!-- Generated by org.testng.reporters.JUnitReportReporter -->
<testsuite skipped="0" hostname="IBM908-PC0GJ27K" name="com.training.regression.tests.LoginDBTest" tests="1" failures="0" timestamp="13 Jul 2019 08:29:31 GMT" time="25.393" errors="0">
  <testcase name="loginDBTest" time="25.393" classname="com.training.regression.tests.LoginDBTest"/>
</testsuite> <!-- com.training.regression.tests.LoginDBTest -->
