<?xml version="1.0" encoding="UTF-8"?>
<!-- Generated by org.testng.reporters.JUnitReportReporter -->
<testsuite skipped="0" hostname="IBM908-PC0GJ27K" name="com.training.sanity.tests.RegisterTests" tests="2" failures="0" timestamp="13 Jul 2019 08:31:06 GMT" time="53.506" errors="0">
  <testcase name="validRegisterTest" time="29.206" classname="com.training.sanity.tests.RegisterTests"/>
  <testcase name="validRegisterTest" time="24.300" classname="com.training.sanity.tests.RegisterTests"/>
</testsuite> <!-- com.training.sanity.tests.RegisterTests -->
